<?xml version="1.0" encoding="UTF-8"?>
<!-- Generated by org.testng.reporters.JUnitReportReporter -->
<testsuite hostname="DESKTOP-Q6J7IR2" failures="0" tests="1" name="Arla.AutomationMaven.LoginTest" time="2.716"
           errors="0" timestamp="2023-11-13T19:33:20 IST" skipped="0">
    <testcase classname="Arla.AutomationMaven.LoginTest" name="loginTest" time="2.716"/>
</testsuite> <!-- Arla.AutomationMaven.LoginTest -->
