<?xml version="1.0" encoding="UTF-8"?>
<!-- Generated by org.testng.reporters.JUnitReportReporter -->
<testsuite hostname="DESKTOP-Q6J7IR2" failures="0" tests="1" name="Arla.AutomationMaven.DebitNoteTest" time="224.091"
           errors="0" timestamp="2023-11-27T16:49:09 IST" skipped="0">
    <testcase classname="Arla.AutomationMaven.DebitNoteTest" name="DebitNoteCollectAndSettle" time="224.091"/>
    <system-out/>
</testsuite> <!-- Arla.AutomationMaven.DebitNoteTest -->
