<?xml version="1.0" encoding="UTF-8"?>
<!-- Generated by org.testng.reporters.JUnitReportReporter -->
<testsuite hostname="DESKTOP-Q6J7IR2" failures="0" tests="3" name="Arla.AutomationMaven.UsersTest" time="65.257" errors="0" timestamp="2023-12-08T11:55:40 IST" skipped="0">
  <testcase classname="Arla.AutomationMaven.UsersTest" name="AddVehicle" time="18.519"/>
  <system-out/>
  <testcase classname="Arla.AutomationMaven.UsersTest" name="CreateUserManual" time="23.540"/>
  <system-out/>
  <testcase classname="Arla.AutomationMaven.UsersTest" name="AssignVehicles" time="23.198"/>
  <system-out/>
</testsuite> <!-- Arla.AutomationMaven.UsersTest -->
