<?xml version="1.0" encoding="UTF-8"?>
<!-- Generated by org.testng.reporters.JUnitReportReporter -->
<testsuite hostname="DESKTOP-Q6J7IR2" failures="0" tests="2" name="Arla.AutomationMaven.LoginPageTest" time="39.280" errors="0" timestamp="2023-12-08T11:52:45 IST" skipped="0">
  <testcase classname="Arla.AutomationMaven.LoginPageTest" name="invalidLoginTest" time="15.886"/>
  <system-out/>
  <testcase classname="Arla.AutomationMaven.LoginPageTest" name="validLoginTest" time="23.394"/>
  <system-out/>
</testsuite> <!-- Arla.AutomationMaven.LoginPageTest -->
