<?xml version="1.0" encoding="UTF-8"?>
<!-- Generated by org.testng.reporters.JUnitReportReporter -->
<testsuite hostname="DESKTOP-Q6J7IR2" failures="0" tests="1" name="Arla.AutomationMaven.RentalAgreement" time="638.857"
           errors="0" timestamp="2023-11-28T11:01:25 IST" skipped="0">
    <testcase classname="Arla.AutomationMaven.RentalAgreement" name="RentalAgreementManual" time="638.857"/>
    <system-out/>
</testsuite> <!-- Arla.AutomationMaven.RentalAgreement -->
